<?xml version="1.0" encoding="UTF-8" ?>
<testsuite tests="9" failures="0" name="AdvancedAstrologyTest" time="0.236" errors="0" skipped="0">
  <properties>
[...]
</properties>
  <testcase classname="AdvancedAstrologyTest" name="testPrintTriangle" time="0.234"/>
  <testcase classname="AdvancedAstrologyTest" name="testPrintSpaces1" time="0"/>
  <testcase classname="AdvancedAstrologyTest" name="testPrintSpaces2" time="0"/>
  <testcase classname="AdvancedAstrologyTest" name="testPrintStars" time="0"/>
  <testcase classname="AdvancedAstrologyTest" name="testPrintSmallTriangle" time="0"/>
  <testcase classname="AdvancedAstrologyTest" name="verifyNoFields" time="0.001"/>
  <testcase classname="AdvancedAstrologyTest" name="testChristmasTree0" time="0.001"/>
  <testcase classname="AdvancedAstrologyTest" name="testChristmasTree1" time="0"/>
  <testcase classname="AdvancedAstrologyTest" name="testChristmasTree2" time="0"/>
</testsuite>